<?xml version="1.0" encoding="UTF-8"?>
<!-- Generated by org.testng.reporters.JUnitReportReporter -->
<testsuite hostname="A" failures="0" tests="1" name="Greencart.teste2e.addIntoCart" time="2.766" errors="0" timestamp="2022-09-17T00:27:46 IST" skipped="0">
  <testcase classname="Greencart.teste2e.addIntoCart" name="add2cart" time="2.766"/>
  <system-out/>
</testsuite> <!-- Greencart.teste2e.addIntoCart -->
